[19:22:42] [ServerMain/INFO]: [bootstrap] Running Java 21 (OpenJDK 64-Bit Server VM 21.0.5+11-Ubuntu-1ubuntu120.04; Ubuntu null) on Linux 6.5.0-1025-azure (amd64)
[19:22:42] [ServerMain/INFO]: [bootstrap] Loading Paper 1.21-130-master@b1b5d4c (2024-08-10T10:02:42Z) for Minecraft 1.21
[19:22:42] [ServerMain/INFO]: [PluginInitializerManager] Initializing plugins...
[19:22:43] [ServerMain/INFO]: [PluginInitializerManager] Initialized 4 plugins
[19:22:43] [ServerMain/INFO]: [PluginInitializerManager] Bukkit plugins (4):
 - Geyser-Spigot (2.5.1-SNAPSHOT), ViaBackwards (5.1.1), ViaVersion (5.1.1), floodgate (2.2.3-SNAPSHOT (b114-83fbd6e))
[19:22:47] [ServerMain/INFO]: Environment: Environment[sessionHost=https://sessionserver.mojang.com, servicesHost=https://api.minecraftservices.com, name=PROD]
[19:22:47] [ServerMain/INFO]: Found new data pack file/bukkit, loading it automatically
[19:22:47] [ServerMain/INFO]: Found new data pack paper, loading it automatically
[19:22:48] [ServerMain/INFO]: No existing world data, creating new world
[19:22:48] [ServerMain/INFO]: Loaded 1290 recipes
[19:22:48] [ServerMain/INFO]: Loaded 1399 advancements
[19:22:49] [Server thread/INFO]: Starting minecraft server version 1.21
[19:22:49] [Server thread/INFO]: Loading properties
[19:22:49] [Server thread/INFO]: This server is running Paper version 1.21-130-master@b1b5d4c (2024-08-10T10:02:42Z) (Implementing API version 1.21-R0.1-SNAPSHOT)
[19:22:49] [Server thread/INFO]: [spark] This server bundles the spark profiler. For more information please visit https://docs.papermc.io/paper/profiling
[19:22:50] [Server thread/INFO]: Server Ping Player Sample Count: 12
[19:22:50] [Server thread/INFO]: Using 4 threads for Netty based IO
[19:22:50] [Server thread/INFO]: [ChunkTaskScheduler] Chunk system is using 1 I/O threads, 1 worker threads, and population gen parallelism of 1 threads
[19:22:50] [Server thread/INFO]: Default game type: SURVIVAL
[19:22:50] [Server thread/INFO]: Generating keypair
[19:22:50] [Server thread/INFO]: Starting Minecraft server on *:25565
[19:22:50] [Server thread/INFO]: Using epoll channel type
[19:22:50] [Server thread/INFO]: Paper: Using libdeflate (Linux x86_64) compression from Velocity.
[19:22:50] [Server thread/INFO]: Paper: Using OpenSSL 1.1.x (Linux x86_64) cipher from Velocity.
[19:22:51] [Server thread/INFO]: [floodgate] Loading server plugin floodgate v2.2.3-SNAPSHOT (b114-83fbd6e)
[19:22:53] [Server thread/WARN]: [floodgate] en_ is not a supported Floodgate language.
[19:22:53] [Server thread/INFO]: [floodgate] Took 1,827ms to boot Floodgate
[19:22:53] [Server thread/INFO]: [ViaVersion] Loading server plugin ViaVersion v5.1.1
[19:22:53] [Server thread/INFO]: [ViaVersion] ViaVersion 5.1.1 is now loaded. Registering protocol transformers and injecting...
[19:22:54] [Via-Mappingloader-0/INFO]: [ViaVersion] Loading block connection mappings ...
[19:22:55] [Via-Mappingloader-0/INFO]: [ViaVersion] Using FastUtil Long2ObjectOpenHashMap for block connections
[19:22:56] [Server thread/INFO]: [ViaBackwards] Loading translations...
[19:22:56] [Server thread/INFO]: [ViaBackwards] Registering protocols...
[19:22:57] [Server thread/INFO]: [Geyser-Spigot] Loading server plugin Geyser-Spigot v2.5.1-SNAPSHOT
[19:22:58] [Server thread/INFO]: [Geyser-Spigot] Loading extensions...
[19:22:58] [Server thread/INFO]: [Geyser-Spigot] Loaded 0 extension(s)
[19:22:58] [Server thread/INFO]: [ViaBackwards] Loading server plugin ViaBackwards v5.1.1
[19:22:58] [Server thread/INFO]: Server permissions file permissions.yml is empty, ignoring it
[19:22:58] [Server thread/INFO]: Preparing level "world"
[19:23:08] [Server thread/INFO]: Preparing start region for dimension minecraft:overworld
[19:23:16] [Server thread/INFO]: Time elapsed: 7754 ms
[19:23:16] [Server thread/INFO]: Preparing start region for dimension minecraft:the_nether
[19:23:18] [Server thread/INFO]: Time elapsed: 1919 ms
[19:23:18] [Server thread/INFO]: Preparing start region for dimension minecraft:the_end
[19:23:18] [Server thread/INFO]: Time elapsed: 432 ms
[19:23:18] [Server thread/INFO]: [floodgate] Enabling floodgate v2.2.3-SNAPSHOT (b114-83fbd6e)
[19:23:19] [Server thread/INFO]: [ViaVersion] Enabling ViaVersion v5.1.1
[19:23:19] [Server thread/INFO]: [ViaVersion] ViaVersion detected server version: 1.21-1.21.1 (767)
[19:23:19] [Server thread/INFO]: [Geyser-Spigot] Enabling Geyser-Spigot v2.5.1-SNAPSHOT
[19:23:20] [Server thread/INFO]: [ViaBackwards] Enabling ViaBackwards v5.1.1
[19:23:20] [Server thread/INFO]: [spark] Starting background profiler...
[19:23:20] [Server thread/INFO]: [Geyser-Spigot] ******************************************
[19:23:20] [Server thread/INFO]: [Geyser-Spigot] 
[19:23:20] [Server thread/INFO]: [Geyser-Spigot] Loading Geyser version 2.5.1-b724 (git-master-9e276c1)
[19:23:20] [Server thread/INFO]: [Geyser-Spigot] 
[19:23:20] [Server thread/INFO]: [Geyser-Spigot] ******************************************
[19:23:26] [epollEventLoopGroup-3-1/INFO]: [Geyser-Spigot] Started Geyser on UDP port 1753
[19:23:27] [Server thread/INFO]: [Geyser-Spigot] Done (6.569s)! Run /geyser help for help!
[19:23:27] [Server thread/INFO]: Done preparing level "world" (28.304s)
[19:23:27] [Server thread/INFO]: Running delayed init tasks
[19:23:27] [Craft Scheduler Thread - 5 - ViaVersion/INFO]: [ViaVersion] Finished mapping loading, shutting down loader executor.
[19:23:27] [Server thread/INFO]: Done (45.282s)! For help, type "help"
[19:23:27] [Server thread/INFO]: Timings Reset
